<?xml version="1.0" encoding="UTF-8"?>
<!-- Generated by org.testng.reporters.JUnitXMLReporter -->
<testsuite ignored="0" hostname="FarhanKhalid" failures="0" tests="6" name="Default test" time="2.826" errors="0" timestamp="2023-09-04T01:41:20 EDT">
  <testcase classname="api.test.DDUserTest" name="testcreateuser" time="1.238"/>
  <testcase classname="api.test.DDUserTest" name="testcreateuser" time="0.104"/>
  <testcase classname="api.test.DDUserTest" name="testcreateuser" time="0.097"/>
  <testcase classname="api.test.DDUserTest" name="testdeleteuserbyusername" time="0.113"/>
  <testcase classname="api.test.DDUserTest" name="testdeleteuserbyusername" time="0.095"/>
  <testcase classname="api.test.DDUserTest" name="testdeleteuserbyusername" time="0.094"/>
</testsuite> <!-- Default test -->
