<?xml version="1.0" encoding="UTF-8"?>
<!-- Generated by org.testng.reporters.JUnitXMLReporter -->
<testsuite ignored="0" hostname="FarhanKhalid" failures="0" tests="10" name="Test" time="3.57" errors="0" timestamp="2023-09-04T22:01:32 EDT">
  <testcase classname="api.test.UserTest2" name="testcreateuser" time="1.147"/>
  <testcase classname="api.test.UserTest2" name="testreaduser" time="0.15"/>
  <testcase classname="api.test.UserTest2" name="testupdateuser" time="0.208"/>
  <testcase classname="api.test.UserTest2" name="testdeleteuser" time="0.094"/>
  <testcase classname="api.test.DDUserTest" name="testcreateuser" time="0.107"/>
  <testcase classname="api.test.DDUserTest" name="testcreateuser" time="0.097"/>
  <testcase classname="api.test.DDUserTest" name="testcreateuser" time="0.098"/>
  <testcase classname="api.test.DDUserTest" name="testdeleteuserbyusername" time="0.103"/>
  <testcase classname="api.test.DDUserTest" name="testdeleteuserbyusername" time="0.11"/>
  <testcase classname="api.test.DDUserTest" name="testdeleteuserbyusername" time="0.128"/>
</testsuite> <!-- Test -->
