<?xml version="1.0" encoding="UTF-8"?>
<!-- Generated by org.testng.reporters.JUnitXMLReporter -->
<testsuite ignored="0" hostname="FarhanKhalid" failures="0" tests="10" name="Test" time="3.402" errors="0" timestamp="2023-09-04T22:04:43 EDT">
  <testcase classname="api.test.UserTest" name="testcreateuser" time="1.124"/>
  <testcase classname="api.test.UserTest" name="testreaduser" time="0.126"/>
  <testcase classname="api.test.UserTest" name="testupdateuser" time="0.212"/>
  <testcase classname="api.test.UserTest" name="testdeleteuser" time="0.102"/>
  <testcase classname="api.test.DDUserTest" name="testcreateuser" time="0.104"/>
  <testcase classname="api.test.DDUserTest" name="testcreateuser" time="0.101"/>
  <testcase classname="api.test.DDUserTest" name="testcreateuser" time="0.093"/>
  <testcase classname="api.test.DDUserTest" name="testdeleteuserbyusername" time="0.092"/>
  <testcase classname="api.test.DDUserTest" name="testdeleteuserbyusername" time="0.102"/>
  <testcase classname="api.test.DDUserTest" name="testdeleteuserbyusername" time="0.102"/>
</testsuite> <!-- Test -->
