<?xml version="1.0" encoding="UTF-8"?>
<testng-results ignored="0" total="10" passed="10" failed="0" skipped="0">
  <reporter-output>
  </reporter-output>
  <suite started-at="2023-09-04T22:04:39 EDT" name="Suite" finished-at="2023-09-04T22:04:43 EDT" duration-ms="3402">
    <groups>
    </groups>
    <test started-at="2023-09-04T22:04:39 EDT" name="Test" finished-at="2023-09-04T22:04:43 EDT" duration-ms="3402">
      <class name="api.test.UserTest">
        <test-method is-config="true" signature="setupdata()[pri:0, instance:api.test.UserTest@4d154ccd]" started-at="2023-09-04T22:04:39 EDT" name="setupdata" finished-at="2023-09-04T22:04:40 EDT" duration-ms="393" status="PASS">
          <reporter-output>
          </reporter-output>
        </test-method> <!-- setupdata -->
        <test-method signature="testcreateuser()[pri:1, instance:api.test.UserTest@4d154ccd]" started-at="2023-09-04T22:04:40 EDT" name="testcreateuser" finished-at="2023-09-04T22:04:41 EDT" duration-ms="1124" status="PASS">
          <reporter-output>
          </reporter-output>
        </test-method> <!-- testcreateuser -->
        <test-method signature="testreaduser()[pri:2, instance:api.test.UserTest@4d154ccd]" started-at="2023-09-04T22:04:41 EDT" name="testreaduser" finished-at="2023-09-04T22:04:41 EDT" duration-ms="126" status="PASS">
          <reporter-output>
          </reporter-output>
        </test-method> <!-- testreaduser -->
        <test-method signature="testupdateuser()[pri:3, instance:api.test.UserTest@4d154ccd]" started-at="2023-09-04T22:04:41 EDT" name="testupdateuser" finished-at="2023-09-04T22:04:41 EDT" duration-ms="212" status="PASS">
          <reporter-output>
          </reporter-output>
        </test-method> <!-- testupdateuser -->
        <test-method signature="testdeleteuser()[pri:4, instance:api.test.UserTest@4d154ccd]" started-at="2023-09-04T22:04:41 EDT" name="testdeleteuser" finished-at="2023-09-04T22:04:41 EDT" duration-ms="102" status="PASS">
          <reporter-output>
          </reporter-output>
        </test-method> <!-- testdeleteuser -->
      </class> <!-- api.test.UserTest -->
      <class name="api.test.DDUserTest">
        <test-method signature="testcreateuser(java.lang.String,java.lang.String,java.lang.String,java.lang.String,java.lang.String,java.lang.String,java.lang.String)[pri:1, instance:api.test.DDUserTest@41a0aa7d]" started-at="2023-09-04T22:04:42 EDT" name="testcreateuser" data-provider="data" finished-at="2023-09-04T22:04:42 EDT" duration-ms="104" status="PASS">
          <params>
            <param index="0">
              <value>
                <![CDATA[1010]]>
              </value>
            </param>
            <param index="1">
              <value>
                <![CDATA[testuser1]]>
              </value>
            </param>
            <param index="2">
              <value>
                <![CDATA[John]]>
              </value>
            </param>
            <param index="3">
              <value>
                <![CDATA[Canedy]]>
              </value>
            </param>
            <param index="4">
              <value>
                <![CDATA[a@gmail.com]]>
              </value>
            </param>
            <param index="5">
              <value>
                <![CDATA[test@1]]>
              </value>
            </param>
            <param index="6">
              <value>
                <![CDATA[1234567897]]>
              </value>
            </param>
          </params>
          <reporter-output>
          </reporter-output>
        </test-method> <!-- testcreateuser -->
        <test-method signature="testcreateuser(java.lang.String,java.lang.String,java.lang.String,java.lang.String,java.lang.String,java.lang.String,java.lang.String)[pri:1, instance:api.test.DDUserTest@41a0aa7d]" started-at="2023-09-04T22:04:42 EDT" name="testcreateuser" data-provider="data" finished-at="2023-09-04T22:04:42 EDT" duration-ms="101" status="PASS">
          <params>
            <param index="0">
              <value>
                <![CDATA[1020]]>
              </value>
            </param>
            <param index="1">
              <value>
                <![CDATA[testuser2]]>
              </value>
            </param>
            <param index="2">
              <value>
                <![CDATA[Kim]]>
              </value>
            </param>
            <param index="3">
              <value>
                <![CDATA[Kom]]>
              </value>
            </param>
            <param index="4">
              <value>
                <![CDATA[b@gmail.com]]>
              </value>
            </param>
            <param index="5">
              <value>
                <![CDATA[test@2]]>
              </value>
            </param>
            <param index="6">
              <value>
                <![CDATA[1234567897]]>
              </value>
            </param>
          </params>
          <reporter-output>
          </reporter-output>
        </test-method> <!-- testcreateuser -->
        <test-method signature="testcreateuser(java.lang.String,java.lang.String,java.lang.String,java.lang.String,java.lang.String,java.lang.String,java.lang.String)[pri:1, instance:api.test.DDUserTest@41a0aa7d]" started-at="2023-09-04T22:04:42 EDT" name="testcreateuser" data-provider="data" finished-at="2023-09-04T22:04:42 EDT" duration-ms="93" status="PASS">
          <params>
            <param index="0">
              <value>
                <![CDATA[1030]]>
              </value>
            </param>
            <param index="1">
              <value>
                <![CDATA[testuser3]]>
              </value>
            </param>
            <param index="2">
              <value>
                <![CDATA[Smith]]>
              </value>
            </param>
            <param index="3">
              <value>
                <![CDATA[Steve]]>
              </value>
            </param>
            <param index="4">
              <value>
                <![CDATA[c@gmail.com]]>
              </value>
            </param>
            <param index="5">
              <value>
                <![CDATA[test@3]]>
              </value>
            </param>
            <param index="6">
              <value>
                <![CDATA[1234567897]]>
              </value>
            </param>
          </params>
          <reporter-output>
          </reporter-output>
        </test-method> <!-- testcreateuser -->
        <test-method signature="testdeleteuserbyusername(java.lang.String)[pri:2, instance:api.test.DDUserTest@41a0aa7d]" started-at="2023-09-04T22:04:42 EDT" name="testdeleteuserbyusername" data-provider="UserNames" finished-at="2023-09-04T22:04:42 EDT" duration-ms="92" status="PASS">
          <params>
            <param index="0">
              <value>
                <![CDATA[testuser1]]>
              </value>
            </param>
          </params>
          <reporter-output>
          </reporter-output>
        </test-method> <!-- testdeleteuserbyusername -->
        <test-method signature="testdeleteuserbyusername(java.lang.String)[pri:2, instance:api.test.DDUserTest@41a0aa7d]" started-at="2023-09-04T22:04:42 EDT" name="testdeleteuserbyusername" data-provider="UserNames" finished-at="2023-09-04T22:04:42 EDT" duration-ms="102" status="PASS">
          <params>
            <param index="0">
              <value>
                <![CDATA[testuser2]]>
              </value>
            </param>
          </params>
          <reporter-output>
          </reporter-output>
        </test-method> <!-- testdeleteuserbyusername -->
        <test-method signature="testdeleteuserbyusername(java.lang.String)[pri:2, instance:api.test.DDUserTest@41a0aa7d]" started-at="2023-09-04T22:04:42 EDT" name="testdeleteuserbyusername" data-provider="UserNames" finished-at="2023-09-04T22:04:43 EDT" duration-ms="102" status="PASS">
          <params>
            <param index="0">
              <value>
                <![CDATA[testuser3]]>
              </value>
            </param>
          </params>
          <reporter-output>
          </reporter-output>
        </test-method> <!-- testdeleteuserbyusername -->
      </class> <!-- api.test.DDUserTest -->
    </test> <!-- Test -->
  </suite> <!-- Suite -->
</testng-results>
